[0.107s] DEBUG:colcon:Command line arguments: ['/usr/bin/colcon', 'build', '--packages-select', 'manual_drive']
[0.107s] DEBUG:colcon:Parsed command line arguments: Namespace(log_base=None, log_level=None, verb_name='build', build_base='build', install_base='install', merge_install=False, symlink_install=False, test_result_base=None, continue_on_error=False, executor='parallel', parallel_workers=16, event_handlers=None, ignore_user_meta=False, metas=['./colcon.meta'], base_paths=['.'], packages_ignore=None, packages_ignore_regex=None, paths=None, packages_up_to=None, packages_up_to_regex=None, packages_above=None, packages_above_and_dependencies=None, packages_above_depth=None, packages_select_by_dep=None, packages_skip_by_dep=None, packages_skip_up_to=None, packages_select_build_failed=False, packages_skip_build_finished=False, packages_select_test_failures=False, packages_skip_test_passed=False, packages_select=['manual_drive'], packages_skip=None, packages_select_regex=None, packages_skip_regex=None, packages_start=None, packages_end=None, allow_overriding=[], cmake_args=None, cmake_target=None, cmake_target_skip_unavailable=False, cmake_clean_cache=False, cmake_clean_first=False, cmake_force_configure=False, ament_cmake_args=None, catkin_cmake_args=None, catkin_skip_building_tests=False, mixin_files=None, mixin=None, verb_parser=<colcon_mixin.mixin.mixin_argument.MixinArgumentDecorator object at 0x7bda634e51b0>, verb_extension=<colcon_core.verb.build.BuildVerb object at 0x7bda6346a9b0>, main=<bound method BuildVerb.main of <colcon_core.verb.build.BuildVerb object at 0x7bda6346a9b0>>, mixin_verb=('build',))
[0.290s] Level 1:colcon.colcon_core.package_discovery:discover_packages(colcon_meta) check parameters
[0.290s] Level 1:colcon.colcon_core.package_discovery:discover_packages(recursive) check parameters
[0.290s] Level 1:colcon.colcon_core.package_discovery:discover_packages(ignore) check parameters
[0.290s] Level 1:colcon.colcon_core.package_discovery:discover_packages(path) check parameters
[0.290s] Level 1:colcon.colcon_core.package_discovery:discover_packages(colcon_meta) discover
[0.290s] Level 1:colcon.colcon_core.package_discovery:discover_packages(recursive) discover
[0.290s] INFO:colcon.colcon_core.package_discovery:Crawling recursively for packages in '/home/xytron/xycar_ws/src/study/manual_drive'
[0.290s] Level 1:colcon.colcon_core.package_identification:_identify(.) by extensions ['ignore', 'ignore_ament_install']
[0.290s] Level 1:colcon.colcon_core.package_identification:_identify(.) by extension 'ignore'
[0.290s] Level 1:colcon.colcon_core.package_identification:_identify(.) by extension 'ignore_ament_install'
[0.290s] Level 1:colcon.colcon_core.package_identification:_identify(.) by extensions ['colcon_pkg']
[0.290s] Level 1:colcon.colcon_core.package_identification:_identify(.) by extension 'colcon_pkg'
[0.290s] Level 1:colcon.colcon_core.package_identification:_identify(.) by extensions ['colcon_meta']
[0.290s] Level 1:colcon.colcon_core.package_identification:_identify(.) by extension 'colcon_meta'
[0.290s] Level 1:colcon.colcon_core.package_identification:_identify(.) by extensions ['ros']
[0.290s] Level 1:colcon.colcon_core.package_identification:_identify(.) by extension 'ros'
[0.300s] DEBUG:colcon.colcon_core.package_identification:Package '.' with type 'ros.ament_python' and name 'manual_drive'
[0.300s] Level 1:colcon.colcon_core.package_discovery:discover_packages(recursive) using defaults
[0.300s] Level 1:colcon.colcon_core.package_discovery:discover_packages(ignore) discover
[0.300s] Level 1:colcon.colcon_core.package_discovery:discover_packages(ignore) using defaults
[0.300s] Level 1:colcon.colcon_core.package_discovery:discover_packages(path) discover
[0.300s] Level 1:colcon.colcon_core.package_discovery:discover_packages(path) using defaults
[0.317s] Level 1:colcon.colcon_core.package_discovery:discover_packages(prefix_path) check parameters
[0.317s] Level 1:colcon.colcon_core.package_discovery:discover_packages(prefix_path) discover
[0.320s] DEBUG:colcon.colcon_installed_package_information.package_discovery:Found 1 installed packages in /home/xytron/xycar_ws/src/study/manual_drive/install
[0.321s] DEBUG:colcon.colcon_installed_package_information.package_discovery:Found 33 installed packages in /home/xytron/xycar_ws/install
[0.322s] DEBUG:colcon.colcon_installed_package_information.package_discovery:Found 295 installed packages in /opt/ros/humble
[0.324s] Level 1:colcon.colcon_core.package_discovery:discover_packages(prefix_path) using defaults
[0.354s] Level 5:colcon.colcon_core.verb:set package 'manual_drive' build argument 'cmake_args' from command line to 'None'
[0.354s] Level 5:colcon.colcon_core.verb:set package 'manual_drive' build argument 'cmake_target' from command line to 'None'
[0.354s] Level 5:colcon.colcon_core.verb:set package 'manual_drive' build argument 'cmake_target_skip_unavailable' from command line to 'False'
[0.354s] Level 5:colcon.colcon_core.verb:set package 'manual_drive' build argument 'cmake_clean_cache' from command line to 'False'
[0.354s] Level 5:colcon.colcon_core.verb:set package 'manual_drive' build argument 'cmake_clean_first' from command line to 'False'
[0.354s] Level 5:colcon.colcon_core.verb:set package 'manual_drive' build argument 'cmake_force_configure' from command line to 'False'
[0.354s] Level 5:colcon.colcon_core.verb:set package 'manual_drive' build argument 'ament_cmake_args' from command line to 'None'
[0.354s] Level 5:colcon.colcon_core.verb:set package 'manual_drive' build argument 'catkin_cmake_args' from command line to 'None'
[0.354s] Level 5:colcon.colcon_core.verb:set package 'manual_drive' build argument 'catkin_skip_building_tests' from command line to 'False'
[0.354s] DEBUG:colcon.colcon_core.verb:Building package 'manual_drive' with the following arguments: {'ament_cmake_args': None, 'build_base': '/home/xytron/xycar_ws/src/study/manual_drive/build/manual_drive', 'catkin_cmake_args': None, 'catkin_skip_building_tests': False, 'cmake_args': None, 'cmake_clean_cache': False, 'cmake_clean_first': False, 'cmake_force_configure': False, 'cmake_target': None, 'cmake_target_skip_unavailable': False, 'install_base': '/home/xytron/xycar_ws/src/study/manual_drive/install/manual_drive', 'merge_install': False, 'path': '/home/xytron/xycar_ws/src/study/manual_drive', 'symlink_install': False, 'test_result_base': None}
[0.354s] INFO:colcon.colcon_core.executor:Executing jobs using 'parallel' executor
[0.355s] DEBUG:colcon.colcon_parallel_executor.executor.parallel:run_until_complete
[0.355s] INFO:colcon.colcon_ros.task.ament_python.build:Building ROS package in '/home/xytron/xycar_ws/src/study/manual_drive' with build type 'ament_python'
[0.355s] Level 1:colcon.colcon_core.shell:create_environment_hook('manual_drive', 'ament_prefix_path')
[0.358s] INFO:colcon.colcon_core.plugin_system:Skipping extension 'colcon_core.shell.bat': Not used on non-Windows systems
[0.358s] INFO:colcon.colcon_core.shell:Creating environment hook '/home/xytron/xycar_ws/src/study/manual_drive/install/manual_drive/share/manual_drive/hook/ament_prefix_path.ps1'
[0.358s] INFO:colcon.colcon_core.shell:Creating environment descriptor '/home/xytron/xycar_ws/src/study/manual_drive/install/manual_drive/share/manual_drive/hook/ament_prefix_path.dsv'
[0.359s] INFO:colcon.colcon_core.shell:Creating environment hook '/home/xytron/xycar_ws/src/study/manual_drive/install/manual_drive/share/manual_drive/hook/ament_prefix_path.sh'
[0.359s] INFO:colcon.colcon_core.shell:Skip shell extension 'powershell' for command environment: Not usable outside of PowerShell
[0.359s] DEBUG:colcon.colcon_core.shell:Skip shell extension 'dsv' for command environment
[0.745s] INFO:colcon.colcon_core.task.python.build:Building Python package in '/home/xytron/xycar_ws/src/study/manual_drive'
[0.745s] INFO:colcon.colcon_core.shell:Skip shell extension 'powershell' for command environment: Not usable outside of PowerShell
[0.745s] DEBUG:colcon.colcon_core.shell:Skip shell extension 'dsv' for command environment
[1.250s] DEBUG:colcon.colcon_core.event_handler.log_command:Invoking command in '/home/xytron/xycar_ws/src/study/manual_drive': PYTHONPATH=/home/xytron/xycar_ws/src/study/manual_drive/build/manual_drive/prefix_override:/usr/lib/python3/dist-packages/colcon_core/task/python/colcon_distutils_commands:/home/xytron/xycar_ws/src/study/manual_drive/install/manual_drive/lib/python3.10/site-packages:${PYTHONPATH} /usr/bin/python3 -W ignore:setup.py install is deprecated -W ignore:easy_install command is deprecated setup.py egg_info --egg-base build/manual_drive build --build-base /home/xytron/xycar_ws/src/study/manual_drive/build/manual_drive/build install --record /home/xytron/xycar_ws/src/study/manual_drive/build/manual_drive/install.log --single-version-externally-managed install_data
[1.649s] DEBUG:colcon.colcon_core.event_handler.log_command:Invoked command in '/home/xytron/xycar_ws/src/study/manual_drive' returned '0': PYTHONPATH=/home/xytron/xycar_ws/src/study/manual_drive/build/manual_drive/prefix_override:/usr/lib/python3/dist-packages/colcon_core/task/python/colcon_distutils_commands:/home/xytron/xycar_ws/src/study/manual_drive/install/manual_drive/lib/python3.10/site-packages:${PYTHONPATH} /usr/bin/python3 -W ignore:setup.py install is deprecated -W ignore:easy_install command is deprecated setup.py egg_info --egg-base build/manual_drive build --build-base /home/xytron/xycar_ws/src/study/manual_drive/build/manual_drive/build install --record /home/xytron/xycar_ws/src/study/manual_drive/build/manual_drive/install.log --single-version-externally-managed install_data
[1.652s] Level 1:colcon.colcon_core.environment:checking '/home/xytron/xycar_ws/src/study/manual_drive/install/manual_drive' for CMake module files
[1.652s] Level 1:colcon.colcon_core.environment:checking '/home/xytron/xycar_ws/src/study/manual_drive/install/manual_drive' for CMake config files
[1.652s] Level 1:colcon.colcon_core.environment:checking '/home/xytron/xycar_ws/src/study/manual_drive/install/manual_drive/lib'
[1.653s] Level 1:colcon.colcon_core.environment:checking '/home/xytron/xycar_ws/src/study/manual_drive/install/manual_drive/bin'
[1.653s] Level 1:colcon.colcon_core.environment:checking '/home/xytron/xycar_ws/src/study/manual_drive/install/manual_drive/lib/pkgconfig/manual_drive.pc'
[1.653s] Level 1:colcon.colcon_core.environment:checking '/home/xytron/xycar_ws/src/study/manual_drive/install/manual_drive/lib/python3.10/site-packages'
[1.653s] Level 1:colcon.colcon_core.shell:create_environment_hook('manual_drive', 'pythonpath')
[1.653s] INFO:colcon.colcon_core.shell:Creating environment hook '/home/xytron/xycar_ws/src/study/manual_drive/install/manual_drive/share/manual_drive/hook/pythonpath.ps1'
[1.653s] INFO:colcon.colcon_core.shell:Creating environment descriptor '/home/xytron/xycar_ws/src/study/manual_drive/install/manual_drive/share/manual_drive/hook/pythonpath.dsv'
[1.654s] INFO:colcon.colcon_core.shell:Creating environment hook '/home/xytron/xycar_ws/src/study/manual_drive/install/manual_drive/share/manual_drive/hook/pythonpath.sh'
[1.654s] Level 1:colcon.colcon_core.environment:checking '/home/xytron/xycar_ws/src/study/manual_drive/install/manual_drive/bin'
[1.654s] Level 1:colcon.colcon_core.environment:create_environment_scripts_only(manual_drive)
[1.654s] INFO:colcon.colcon_core.shell:Creating package script '/home/xytron/xycar_ws/src/study/manual_drive/install/manual_drive/share/manual_drive/package.ps1'
[1.655s] INFO:colcon.colcon_core.shell:Creating package descriptor '/home/xytron/xycar_ws/src/study/manual_drive/install/manual_drive/share/manual_drive/package.dsv'
[1.655s] INFO:colcon.colcon_core.shell:Creating package script '/home/xytron/xycar_ws/src/study/manual_drive/install/manual_drive/share/manual_drive/package.sh'
[1.656s] INFO:colcon.colcon_core.shell:Creating package script '/home/xytron/xycar_ws/src/study/manual_drive/install/manual_drive/share/manual_drive/package.bash'
[1.656s] INFO:colcon.colcon_core.shell:Creating package script '/home/xytron/xycar_ws/src/study/manual_drive/install/manual_drive/share/manual_drive/package.zsh'
[1.657s] Level 1:colcon.colcon_core.environment:create_file_with_runtime_dependencies(/home/xytron/xycar_ws/src/study/manual_drive/install/manual_drive/share/colcon-core/packages/manual_drive)
[1.657s] DEBUG:colcon.colcon_parallel_executor.executor.parallel:closing loop
[1.657s] DEBUG:colcon.colcon_parallel_executor.executor.parallel:loop closed
[1.657s] DEBUG:colcon.colcon_parallel_executor.executor.parallel:run_until_complete finished with '0'
[1.657s] DEBUG:colcon.colcon_core.event_reactor:joining thread
[1.663s] INFO:colcon.colcon_core.plugin_system:Skipping extension 'colcon_notification.desktop_notification.terminal_notifier': Not used on non-Darwin systems
[1.663s] INFO:colcon.colcon_core.plugin_system:Skipping extension 'colcon_notification.desktop_notification.win32': Not used on non-Windows systems
[1.663s] INFO:colcon.colcon_notification.desktop_notification:Sending desktop notification using 'notify2'
[1.672s] DEBUG:colcon.colcon_core.event_reactor:joined thread
[1.672s] INFO:colcon.colcon_core.shell:Creating prefix script '/home/xytron/xycar_ws/src/study/manual_drive/install/local_setup.ps1'
[1.674s] INFO:colcon.colcon_core.shell:Creating prefix util module '/home/xytron/xycar_ws/src/study/manual_drive/install/_local_setup_util_ps1.py'
[1.675s] INFO:colcon.colcon_core.shell:Creating prefix chain script '/home/xytron/xycar_ws/src/study/manual_drive/install/setup.ps1'
[1.677s] INFO:colcon.colcon_core.shell:Creating prefix script '/home/xytron/xycar_ws/src/study/manual_drive/install/local_setup.sh'
[1.678s] INFO:colcon.colcon_core.shell:Creating prefix util module '/home/xytron/xycar_ws/src/study/manual_drive/install/_local_setup_util_sh.py'
[1.678s] INFO:colcon.colcon_core.shell:Creating prefix chain script '/home/xytron/xycar_ws/src/study/manual_drive/install/setup.sh'
[1.680s] INFO:colcon.colcon_core.shell:Creating prefix script '/home/xytron/xycar_ws/src/study/manual_drive/install/local_setup.bash'
[1.681s] INFO:colcon.colcon_core.shell:Creating prefix chain script '/home/xytron/xycar_ws/src/study/manual_drive/install/setup.bash'
[1.682s] INFO:colcon.colcon_core.shell:Creating prefix script '/home/xytron/xycar_ws/src/study/manual_drive/install/local_setup.zsh'
[1.683s] INFO:colcon.colcon_core.shell:Creating prefix chain script '/home/xytron/xycar_ws/src/study/manual_drive/install/setup.zsh'
