[0.894s] Invoking command in '/home/xytron/xycar_ws/src/study/manual_drive': PYTHONPATH=/home/xytron/xycar_ws/src/study/manual_drive/build/manual_drive/prefix_override:/usr/lib/python3/dist-packages/colcon_core/task/python/colcon_distutils_commands:/home/xytron/xycar_ws/src/study/manual_drive/install/manual_drive/lib/python3.10/site-packages:${PYTHONPATH} /usr/bin/python3 -W ignore:setup.py install is deprecated -W ignore:easy_install command is deprecated setup.py egg_info --egg-base build/manual_drive build --build-base /home/xytron/xycar_ws/src/study/manual_drive/build/manual_drive/build install --record /home/xytron/xycar_ws/src/study/manual_drive/build/manual_drive/install.log --single-version-externally-managed install_data
[1.205s] running egg_info
[1.205s] writing build/manual_drive/manual_drive.egg-info/PKG-INFO
[1.205s] writing dependency_links to build/manual_drive/manual_drive.egg-info/dependency_links.txt
[1.206s] writing entry points to build/manual_drive/manual_drive.egg-info/entry_points.txt
[1.206s] writing requirements to build/manual_drive/manual_drive.egg-info/requires.txt
[1.206s] writing top-level names to build/manual_drive/manual_drive.egg-info/top_level.txt
[1.207s] reading manifest file 'build/manual_drive/manual_drive.egg-info/SOURCES.txt'
[1.208s] writing manifest file 'build/manual_drive/manual_drive.egg-info/SOURCES.txt'
[1.208s] running build
[1.208s] running build_py
[1.208s] copying manual_drive/joystic.py -> /home/xytron/xycar_ws/src/study/manual_drive/build/manual_drive/build/lib/manual_drive
[1.208s] running install
[1.209s] running install_lib
[1.209s] copying /home/xytron/xycar_ws/src/study/manual_drive/build/manual_drive/build/lib/manual_drive/joystic.py -> /home/xytron/xycar_ws/src/study/manual_drive/install/manual_drive/lib/python3.10/site-packages/manual_drive
[1.216s] byte-compiling /home/xytron/xycar_ws/src/study/manual_drive/install/manual_drive/lib/python3.10/site-packages/manual_drive/joystic.py to joystic.cpython-310.pyc
[1.222s] running install_data
[1.222s] running install_egg_info
[1.243s] removing '/home/xytron/xycar_ws/src/study/manual_drive/install/manual_drive/lib/python3.10/site-packages/manual_drive-0.0.0-py3.10.egg-info' (and everything under it)
[1.247s] Copying build/manual_drive/manual_drive.egg-info to /home/xytron/xycar_ws/src/study/manual_drive/install/manual_drive/lib/python3.10/site-packages/manual_drive-0.0.0-py3.10.egg-info
[1.252s] running install_scripts
[1.275s] Installing joystic script to /home/xytron/xycar_ws/src/study/manual_drive/install/manual_drive/lib/manual_drive
[1.275s] writing list of installed files to '/home/xytron/xycar_ws/src/study/manual_drive/build/manual_drive/install.log'
[1.293s] Invoked command in '/home/xytron/xycar_ws/src/study/manual_drive' returned '0': PYTHONPATH=/home/xytron/xycar_ws/src/study/manual_drive/build/manual_drive/prefix_override:/usr/lib/python3/dist-packages/colcon_core/task/python/colcon_distutils_commands:/home/xytron/xycar_ws/src/study/manual_drive/install/manual_drive/lib/python3.10/site-packages:${PYTHONPATH} /usr/bin/python3 -W ignore:setup.py install is deprecated -W ignore:easy_install command is deprecated setup.py egg_info --egg-base build/manual_drive build --build-base /home/xytron/xycar_ws/src/study/manual_drive/build/manual_drive/build install --record /home/xytron/xycar_ws/src/study/manual_drive/build/manual_drive/install.log --single-version-externally-managed install_data
