running egg_info
creating build/manual_drive/manual_drive.egg-info
writing build/manual_drive/manual_drive.egg-info/PKG-INFO
writing dependency_links to build/manual_drive/manual_drive.egg-info/dependency_links.txt
writing entry points to build/manual_drive/manual_drive.egg-info/entry_points.txt
writing requirements to build/manual_drive/manual_drive.egg-info/requires.txt
writing top-level names to build/manual_drive/manual_drive.egg-info/top_level.txt
writing manifest file 'build/manual_drive/manual_drive.egg-info/SOURCES.txt'
reading manifest file 'build/manual_drive/manual_drive.egg-info/SOURCES.txt'
writing manifest file 'build/manual_drive/manual_drive.egg-info/SOURCES.txt'
running build
running build_py
creating /home/xytron/xycar_ws/src/study/manual_drive/build/manual_drive/build
creating /home/xytron/xycar_ws/src/study/manual_drive/build/manual_drive/build/lib
creating /home/xytron/xycar_ws/src/study/manual_drive/build/manual_drive/build/lib/manual_drive
copying manual_drive/__init__.py -> /home/xytron/xycar_ws/src/study/manual_drive/build/manual_drive/build/lib/manual_drive
copying manual_drive/joystic.py -> /home/xytron/xycar_ws/src/study/manual_drive/build/manual_drive/build/lib/manual_drive
running install
running install_lib
creating /home/xytron/xycar_ws/src/study/manual_drive/install/manual_drive/lib/python3.10/site-packages/manual_drive
copying /home/xytron/xycar_ws/src/study/manual_drive/build/manual_drive/build/lib/manual_drive/__init__.py -> /home/xytron/xycar_ws/src/study/manual_drive/install/manual_drive/lib/python3.10/site-packages/manual_drive
copying /home/xytron/xycar_ws/src/study/manual_drive/build/manual_drive/build/lib/manual_drive/joystic.py -> /home/xytron/xycar_ws/src/study/manual_drive/install/manual_drive/lib/python3.10/site-packages/manual_drive
byte-compiling /home/xytron/xycar_ws/src/study/manual_drive/install/manual_drive/lib/python3.10/site-packages/manual_drive/__init__.py to __init__.cpython-310.pyc
byte-compiling /home/xytron/xycar_ws/src/study/manual_drive/install/manual_drive/lib/python3.10/site-packages/manual_drive/joystic.py to joystic.cpython-310.pyc
running install_data
creating /home/xytron/xycar_ws/src/study/manual_drive/install/manual_drive/share/ament_index
creating /home/xytron/xycar_ws/src/study/manual_drive/install/manual_drive/share/ament_index/resource_index
creating /home/xytron/xycar_ws/src/study/manual_drive/install/manual_drive/share/ament_index/resource_index/packages
copying resource/manual_drive -> /home/xytron/xycar_ws/src/study/manual_drive/install/manual_drive/share/ament_index/resource_index/packages
copying package.xml -> /home/xytron/xycar_ws/src/study/manual_drive/install/manual_drive/share/manual_drive
creating /home/xytron/xycar_ws/src/study/manual_drive/install/manual_drive/share/manual_drive/launch
copying launch/manual_drive.launch.py -> /home/xytron/xycar_ws/src/study/manual_drive/install/manual_drive/share/manual_drive/launch
running install_egg_info
Copying build/manual_drive/manual_drive.egg-info to /home/xytron/xycar_ws/src/study/manual_drive/install/manual_drive/lib/python3.10/site-packages/manual_drive-0.0.0-py3.10.egg-info
running install_scripts
Installing joystic script to /home/xytron/xycar_ws/src/study/manual_drive/install/manual_drive/lib/manual_drive
writing list of installed files to '/home/xytron/xycar_ws/src/study/manual_drive/build/manual_drive/install.log'
